aios-bridge-studio/aios-bridge-studio/build/outputs/logs/manifest-merger-debug-report.txt
-- Merging decision tree log ---
manifest
ADDED from src\main\AndroidManifest.xml:2:1-82:12
	package
		ADDED from src\main\AndroidManifest.xml:3:5-39
		INJECTED from src\main\AndroidManifest.xml
		INJECTED from src\main\AndroidManifest.xml
	android:sharedUserId
		ADDED from src\main\AndroidManifest.xml:4:5-46
	android:versionName
		ADDED from src\main\AndroidManifest.xml:6:5-32
		INJECTED from src\main\AndroidManifest.xml
		INJECTED from src\main\AndroidManifest.xml
	android:versionCode
		ADDED from src\main\AndroidManifest.xml:5:5-28
		INJECTED from src\main\AndroidManifest.xml
		INJECTED from src\main\AndroidManifest.xml
	xmlns:android
		ADDED from src\main\AndroidManifest.xml:2:11-69
uses-sdk
ADDED from src\main\AndroidManifest.xml:7:5-9:41
MERGED from [com.android.support:support-v4:24.2.1] AndroidManifest.xml:21:5-23:54
MERGED from [com.android.support:support-compat:24.2.1] AndroidManifest.xml:21:5-23:58
MERGED from [com.android.support:support-media-compat:24.2.1] AndroidManifest.xml:21:5-23:63
MERGED from [com.android.support:support-core-utils:24.2.1] AndroidManifest.xml:21:5-23:61
MERGED from [com.android.support:support-core-ui:24.2.1] AndroidManifest.xml:21:5-23:58
MERGED from [com.android.support:support-fragment:24.2.1] AndroidManifest.xml:21:5-23:60
	tools:overrideLibrary
		ADDED from [com.android.support:support-v4:24.2.1] AndroidManifest.xml:23:9-51
	android:targetSdkVersion
		ADDED from src\main\AndroidManifest.xml:9:9-38
		INJECTED from src\main\AndroidManifest.xml
		INJECTED from src\main\AndroidManifest.xml
	android:minSdkVersion
		ADDED from src\main\AndroidManifest.xml:8:9-35
		INJECTED from src\main\AndroidManifest.xml
		INJECTED from src\main\AndroidManifest.xml
uses-permission#android.permission.FORCE_STOP_PACKAGES
ADDED from src\main\AndroidManifest.xml:11:5-78
	android:name
		ADDED from src\main\AndroidManifest.xml:11:22-75
uses-permission#android.permission.ACCESS_WIFI_STATE
ADDED from src\main\AndroidManifest.xml:12:5-76
	android:name
		ADDED from src\main\AndroidManifest.xml:12:22-73
uses-permission#android.permission.CHANGE_WIFI_STATE
ADDED from src\main\AndroidManifest.xml:13:5-76
	android:name
		ADDED from src\main\AndroidManifest.xml:13:22-73
uses-permission#android.permission.WRITE_SETTINGS
ADDED from src\main\AndroidManifest.xml:14:5-73
	android:name
		ADDED from src\main\AndroidManifest.xml:14:22-70
uses-permission#android.permission.RECEIVE_BOOT_COMPLETED
ADDED from src\main\AndroidManifest.xml:15:5-81
	android:name
		ADDED from src\main\AndroidManifest.xml:15:22-78
uses-permission#android.permission.INTERNET
ADDED from src\main\AndroidManifest.xml:16:5-67
	android:name
		ADDED from src\main\AndroidManifest.xml:16:22-64
uses-permission#android.permission.WRITE_EXTERNAL_STORAGE
ADDED from src\main\AndroidManifest.xml:17:5-81
	android:name
		ADDED from src\main\AndroidManifest.xml:17:22-78
uses-permission#android.permission.BLUETOOTH_ADMIN
ADDED from src\main\AndroidManifest.xml:18:5-74
	android:name
		ADDED from src\main\AndroidManifest.xml:18:22-71
uses-permission#android.permission.BLUETOOTH
ADDED from src\main\AndroidManifest.xml:19:5-68
	android:name
		ADDED from src\main\AndroidManifest.xml:19:22-65
uses-permission#android.permission.DEVICE_POWER
ADDED from src\main\AndroidManifest.xml:20:5-71
	android:name
		ADDED from src\main\AndroidManifest.xml:20:22-68
uses-permission#android.permission.WAKE_LOCK
ADDED from src\main\AndroidManifest.xml:21:5-68
	android:name
		ADDED from src\main\AndroidManifest.xml:21:22-65
android:uses-permission#android.permission.READ_PHONE_STATE
ADDED from src\main\AndroidManifest.xml:23:5-83
	android:name
		ADDED from src\main\AndroidManifest.xml:23:30-80
android:uses-permission#android.permission.READ_EXTERNAL_STORAGE
ADDED from src\main\AndroidManifest.xml:24:5-88
	android:name
		ADDED from src\main\AndroidManifest.xml:24:30-85
application
ADDED from src\main\AndroidManifest.xml:26:5-80:19
MERGED from [com.android.support:support-v4:24.2.1] AndroidManifest.xml:25:5-20
MERGED from [com.android.support:support-compat:24.2.1] AndroidManifest.xml:25:5-20
MERGED from [com.android.support:support-media-compat:24.2.1] AndroidManifest.xml:25:5-20
MERGED from [com.android.support:support-core-utils:24.2.1] AndroidManifest.xml:25:5-20
MERGED from [com.android.support:support-core-ui:24.2.1] AndroidManifest.xml:25:5-20
MERGED from [com.android.support:support-fragment:24.2.1] AndroidManifest.xml:25:5-20
	android:label
		ADDED from src\main\AndroidManifest.xml:30:9-41
	android:supportsRtl
		ADDED from src\main\AndroidManifest.xml:32:9-35
	android:allowBackup
		ADDED from src\main\AndroidManifest.xml:28:9-35
	android:icon
		ADDED from src\main\AndroidManifest.xml:29:9-45
	android:persistent
		ADDED from src\main\AndroidManifest.xml:31:9-34
	android:theme
		ADDED from src\main\AndroidManifest.xml:33:9-40
	android:name
		ADDED from src\main\AndroidManifest.xml:27:9-42
activity#com.aispeech.aios.bridge.MainActivity
ADDED from src\main\AndroidManifest.xml:34:9-39:20
	android:name
		ADDED from src\main\AndroidManifest.xml:34:19-47
intent-filter#android.intent.action.MAIN+android.intent.category.LAUNCHER
ADDED from src\main\AndroidManifest.xml:35:13-38:29
action#android.intent.action.MAIN
ADDED from src\main\AndroidManifest.xml:36:17-69
	android:name
		ADDED from src\main\AndroidManifest.xml:36:25-66
category#android.intent.category.LAUNCHER
ADDED from src\main\AndroidManifest.xml:37:17-77
	android:name
		ADDED from src\main\AndroidManifest.xml:37:27-74
receiver#com.aispeech.aios.bridge.receiver.BridgeReceiver
ADDED from src\main\AndroidManifest.xml:40:9-57:20
	android:enabled
		ADDED from src\main\AndroidManifest.xml:42:13-35
	android:exported
		ADDED from src\main\AndroidManifest.xml:43:13-36
	android:name
		ADDED from src\main\AndroidManifest.xml:41:13-52
intent-filter#action.colink.command_showway_cld+action.colink.remote_navi+action.colink.remotecommand+aios.intent.action.map.BOOT+aios.intent.action.music.BOOT+aios.intent.action.phone.BOOT+android.intent.action.BOOT_COMPLETED+android.intent.action.QUICKBOOT_POWERON+com.android.ecar.send+com.glsx.bootup.send.autonavi+com.intent.action.MIC_CLICK
ADDED from src\main\AndroidManifest.xml:44:13-56:29
action#aios.intent.action.phone.BOOT
ADDED from src\main\AndroidManifest.xml:45:17-72
	android:name
		ADDED from src\main\AndroidManifest.xml:45:25-69
action#aios.intent.action.music.BOOT
ADDED from src\main\AndroidManifest.xml:46:17-72
	android:name
		ADDED from src\main\AndroidManifest.xml:46:25-69
action#aios.intent.action.map.BOOT
ADDED from src\main\AndroidManifest.xml:47:17-70
	android:name
		ADDED from src\main\AndroidManifest.xml:47:25-67
action#android.intent.action.BOOT_COMPLETED
ADDED from src\main\AndroidManifest.xml:48:17-79
	android:name
		ADDED from src\main\AndroidManifest.xml:48:25-76
action#android.intent.action.QUICKBOOT_POWERON
ADDED from src\main\AndroidManifest.xml:49:17-82
	android:name
		ADDED from src\main\AndroidManifest.xml:49:25-79
action#action.colink.remotecommand
ADDED from src\main\AndroidManifest.xml:50:17-70
	android:name
		ADDED from src\main\AndroidManifest.xml:50:25-67
action#action.colink.remote_navi
ADDED from src\main\AndroidManifest.xml:51:17-68
	android:name
		ADDED from src\main\AndroidManifest.xml:51:25-65
action#com.android.ecar.send
ADDED from src\main\AndroidManifest.xml:52:17-64
	android:name
		ADDED from src\main\AndroidManifest.xml:52:25-61
action#com.glsx.bootup.send.autonavi
ADDED from src\main\AndroidManifest.xml:53:17-72
	android:name
		ADDED from src\main\AndroidManifest.xml:53:25-69
action#action.colink.command_showway_cld
ADDED from src\main\AndroidManifest.xml:54:17-76
	android:name
		ADDED from src\main\AndroidManifest.xml:54:25-73
action#com.intent.action.MIC_CLICK
ADDED from src\main\AndroidManifest.xml:55:17-70
	android:name
		ADDED from src\main\AndroidManifest.xml:55:25-67
receiver#com.aispeech.aios.bridge.receiver.PhoneBookReceive
ADDED from src\main\AndroidManifest.xml:59:9-71:20
	android:name
		ADDED from src\main\AndroidManifest.xml:60:13-54
intent-filter#android.intent.action.ACC_OFF_KEYEVENT+android.intent.action.ACC_ON_KEYEVENT+android.intent.action.BLUETOOTH_PHONE_STATE+com.android.ecar.send+com.colink.zzj.contact.done+com.ecar.call.idle+com.glsx.tts.speaktext+com.wanma.action.PLAY_TTS
ADDED from src\main\AndroidManifest.xml:61:13-70:29
action#com.colink.zzj.contact.done
ADDED from src\main\AndroidManifest.xml:62:17-70
	android:name
		ADDED from src\main\AndroidManifest.xml:62:25-67
action#com.wanma.action.PLAY_TTS
ADDED from src\main\AndroidManifest.xml:63:17-68
	android:name
		ADDED from src\main\AndroidManifest.xml:63:25-65
action#com.glsx.tts.speaktext
ADDED from src\main\AndroidManifest.xml:64:17-65
	android:name
		ADDED from src\main\AndroidManifest.xml:64:25-62
action#com.ecar.call.idle
ADDED from src\main\AndroidManifest.xml:66:17-61
	android:name
		ADDED from src\main\AndroidManifest.xml:66:25-58
action#android.intent.action.ACC_ON_KEYEVENT
ADDED from src\main\AndroidManifest.xml:67:17-80
	android:name
		ADDED from src\main\AndroidManifest.xml:67:25-77
action#android.intent.action.ACC_OFF_KEYEVENT
ADDED from src\main\AndroidManifest.xml:68:17-81
	android:name
		ADDED from src\main\AndroidManifest.xml:68:25-78
action#android.intent.action.BLUETOOTH_PHONE_STATE
ADDED from src\main\AndroidManifest.xml:69:17-86
	android:name
		ADDED from src\main\AndroidManifest.xml:69:25-83
service#com.aispeech.aios.bridge.BridgeService
ADDED from src\main\AndroidManifest.xml:73:9-76:47
	android:enabled
		ADDED from src\main\AndroidManifest.xml:75:13-35
	android:exported
		ADDED from src\main\AndroidManifest.xml:76:13-36
	android:name
		ADDED from src\main\AndroidManifest.xml:74:13-42
service#com.aispeech.aios.bridge.PhoneBookService
ADDED from src\main\AndroidManifest.xml:77:9-79:24
	android:name
		ADDED from src\main\AndroidManifest.xml:78:13-45